[INFO] Scanning for projects...
[INFO] 
[INFO] --------------------------< com.example:away >--------------------------
[INFO] Building away 0.0.1-SNAPSHOT
[INFO]   from pom.xml
[INFO] --------------------------------[ jar ]---------------------------------
[INFO] 
[INFO] >>> spring-boot:3.5.4:run (default-cli) > test-compile @ away >>>
[INFO] 
[INFO] --- resources:3.3.1:resources (default-resources) @ away ---
[INFO] Copying 1 resource from src/main/resources to target/classes
[INFO] Copying 1 resource from src/main/resources to target/classes
[INFO] 
[INFO] --- compiler:3.14.0:compile (default-compile) @ away ---
[INFO] Recompiling the module because of changed source code.
[INFO] Compiling 51 source files with javac [debug parameters release 17] to target/classes
[INFO] 
[INFO] --- resources:3.3.1:testResources (default-testResources) @ away ---
[INFO] skip non existing resourceDirectory /Users/analuisacantu/Desktop/workspace/AWAY/src/test/resources
[INFO] 
[INFO] --- compiler:3.14.0:testCompile (default-testCompile) @ away ---
[INFO] Recompiling the module because of changed dependency.
[INFO] Compiling 1 source file with javac [debug parameters release 17] to target/test-classes
[INFO] 
[INFO] <<< spring-boot:3.5.4:run (default-cli) < test-compile @ away <<<
[INFO] 
[INFO] 
[INFO] --- spring-boot:3.5.4:run (default-cli) @ away ---
[INFO] Attaching agents: []

  .   ____          _            __ _ _
 /\\ / ___'_ __ _ _(_)_ __  __ _ \ \ \ \
( ( )\___ | '_ | '_| | '_ \/ _` | \ \ \ \
 \\/  ___)| |_)| | | | | || (_| |  ) ) ) )
  '  |____| .__|_| |_|_| |_\__, | / / / /
 =========|_|==============|___/=/_/_/_/

 :: Spring Boot ::                (v3.5.4)

2025-09-24T15:48:27.395-03:00  INFO 1905 --- [away] [  restartedMain] com.example.away.AwayApplication         : Starting AwayApplication using Java 17.0.14 with PID 1905 (/Users/analuisacantu/Desktop/workspace/AWAY/target/classes started by analuisacantu in /Users/analuisacantu/Desktop/workspace/AWAY)
2025-09-24T15:48:27.397-03:00  INFO 1905 --- [away] [  restartedMain] com.example.away.AwayApplication         : No active profile set, falling back to 1 default profile: "default"
2025-09-24T15:48:27.511-03:00  INFO 1905 --- [away] [  restartedMain] .e.DevToolsPropertyDefaultsPostProcessor : Devtools property defaults active! Set 'spring.devtools.add-properties' to 'false' to disable
2025-09-24T15:48:27.512-03:00  INFO 1905 --- [away] [  restartedMain] .e.DevToolsPropertyDefaultsPostProcessor : For additional web related logging consider setting the 'logging.level.web' property to 'DEBUG'
2025-09-24T15:48:29.339-03:00  INFO 1905 --- [away] [  restartedMain] .s.d.r.c.RepositoryConfigurationDelegate : Bootstrapping Spring Data JPA repositories in DEFAULT mode.
2025-09-24T15:48:29.437-03:00  INFO 1905 --- [away] [  restartedMain] .s.d.r.c.RepositoryConfigurationDelegate : Finished Spring Data repository scanning in 87 ms. Found 9 JPA repository interfaces.
2025-09-24T15:48:30.163-03:00  INFO 1905 --- [away] [  restartedMain] o.s.b.w.embedded.tomcat.TomcatWebServer  : Tomcat initialized with port 8080 (http)
2025-09-24T15:48:30.181-03:00  INFO 1905 --- [away] [  restartedMain] o.apache.catalina.core.StandardService   : Starting service [Tomcat]
2025-09-24T15:48:30.182-03:00  INFO 1905 --- [away] [  restartedMain] o.apache.catalina.core.StandardEngine    : Starting Servlet engine: [Apache Tomcat/10.1.43]
2025-09-24T15:48:30.221-03:00  INFO 1905 --- [away] [  restartedMain] o.a.c.c.C.[Tomcat].[localhost].[/]       : Initializing Spring embedded WebApplicationContext
2025-09-24T15:48:30.224-03:00  INFO 1905 --- [away] [  restartedMain] w.s.c.ServletWebServerApplicationContext : Root WebApplicationContext: initialization completed in 2709 ms
2025-09-24T15:48:30.389-03:00  INFO 1905 --- [away] [  restartedMain] com.zaxxer.hikari.HikariDataSource       : HikariPool-1 - Starting...
2025-09-24T15:48:30.557-03:00  INFO 1905 --- [away] [  restartedMain] com.zaxxer.hikari.pool.HikariPool        : HikariPool-1 - Added connection org.postgresql.jdbc.PgConnection@393f8f1a
2025-09-24T15:48:30.559-03:00  INFO 1905 --- [away] [  restartedMain] com.zaxxer.hikari.HikariDataSource       : HikariPool-1 - Start completed.
2025-09-24T15:48:30.639-03:00  INFO 1905 --- [away] [  restartedMain] o.hibernate.jpa.internal.util.LogHelper  : HHH000204: Processing PersistenceUnitInfo [name: default]
2025-09-24T15:48:30.728-03:00  INFO 1905 --- [away] [  restartedMain] org.hibernate.Version                    : HHH000412: Hibernate ORM core version 6.6.22.Final
2025-09-24T15:48:30.772-03:00  INFO 1905 --- [away] [  restartedMain] o.h.c.internal.RegionFactoryInitiator    : HHH000026: Second-level cache disabled
2025-09-24T15:48:31.008-03:00  INFO 1905 --- [away] [  restartedMain] o.s.o.j.p.SpringPersistenceUnitInfo      : No LoadTimeWeaver setup: ignoring JPA class transformer
2025-09-24T15:48:31.053-03:00  WARN 1905 --- [away] [  restartedMain] org.hibernate.orm.deprecation            : HHH90000025: PostgreSQLDialect does not need to be specified explicitly using 'hibernate.dialect' (remove the property setting and it will be selected by default)
2025-09-24T15:48:31.071-03:00  INFO 1905 --- [away] [  restartedMain] org.hibernate.orm.connections.pooling    : HHH10001005: Database info:
	Database JDBC URL [Connecting through datasource 'HikariDataSource (HikariPool-1)']
	Database driver: undefined/unknown
	Database version: 17.4
	Autocommit mode: undefined/unknown
	Isolation level: undefined/unknown
	Minimum pool size: undefined/unknown
	Maximum pool size: undefined/unknown
2025-09-24T15:48:32.324-03:00  INFO 1905 --- [away] [  restartedMain] o.h.e.t.j.p.i.JtaPlatformInitiator       : HHH000489: No JTA platform available (set 'hibernate.transaction.jta.platform' to enable JTA platform integration)
2025-09-24T15:48:32.628-03:00  INFO 1905 --- [away] [  restartedMain] j.LocalContainerEntityManagerFactoryBean : Initialized JPA EntityManagerFactory for persistence unit 'default'
2025-09-24T15:48:33.377-03:00  INFO 1905 --- [away] [  restartedMain] o.s.d.j.r.query.QueryEnhancerFactory     : Hibernate is in classpath; If applicable, HQL parser will be used.
2025-09-24T15:48:34.442-03:00  WARN 1905 --- [away] [  restartedMain] JpaBaseConfiguration$JpaWebConfiguration : spring.jpa.open-in-view is enabled by default. Therefore, database queries may be performed during view rendering. Explicitly configure spring.jpa.open-in-view to disable this warning
2025-09-24T15:48:35.062-03:00  INFO 1905 --- [away] [  restartedMain] o.s.b.d.a.OptionalLiveReloadServer       : LiveReload server is running on port 35729
2025-09-24T15:48:35.071-03:00  INFO 1905 --- [away] [  restartedMain] o.s.b.a.e.web.EndpointLinksResolver      : Exposing 1 endpoint beneath base path '/actuator'
2025-09-24T15:48:35.153-03:00  INFO 1905 --- [away] [  restartedMain] o.s.b.w.embedded.tomcat.TomcatWebServer  : Tomcat started on port 8080 (http) with context path '/'
2025-09-24T15:48:35.179-03:00  INFO 1905 --- [away] [  restartedMain] com.example.away.AwayApplication         : Started AwayApplication in 8.347 seconds (process running for 8.854)
2025-09-24T15:48:47.546-03:00  INFO 1905 --- [away] [nio-8080-exec-1] o.a.c.c.C.[Tomcat].[localhost].[/]       : Initializing Spring DispatcherServlet 'dispatcherServlet'
2025-09-24T15:48:47.547-03:00  INFO 1905 --- [away] [nio-8080-exec-1] o.s.web.servlet.DispatcherServlet        : Initializing Servlet 'dispatcherServlet'
2025-09-24T15:48:47.559-03:00  INFO 1905 --- [away] [nio-8080-exec-1] o.s.web.servlet.DispatcherServlet        : Completed initialization in 11 ms
2025-09-24T15:48:47.682-03:00 DEBUG 1905 --- [away] [nio-8080-exec-1] org.hibernate.SQL                        : 
    select
        a1_0.id_assistido,
        a1_0.created_by,
        a1_0.creation_date,
        a1_0.last_update_date,
        a1_0.last_updated_by,
        a1_0.num_auto,
        a1_0.num_processo,
        a1_0.observacao,
        a1_0.id_pessoa,
        a1_0.status_comparecimento,
        a1_0.id_tipo_monitoramento,
        a1_0.id_tipo_regime,
        a1_0.id_tipo_situacao,
        a1_0.ultimo_comparecimento,
        a1_0.id_vara_exec_penal 
    from
        assistido a1_0
Hibernate: 
    select
        a1_0.id_assistido,
        a1_0.created_by,
        a1_0.creation_date,
        a1_0.last_update_date,
        a1_0.last_updated_by,
        a1_0.num_auto,
        a1_0.num_processo,
        a1_0.observacao,
        a1_0.id_pessoa,
        a1_0.status_comparecimento,
        a1_0.id_tipo_monitoramento,
        a1_0.id_tipo_regime,
        a1_0.id_tipo_situacao,
        a1_0.ultimo_comparecimento,
        a1_0.id_vara_exec_penal 
    from
        assistido a1_0
2025-09-24T15:48:47.714-03:00 DEBUG 1905 --- [away] [nio-8080-exec-1] org.hibernate.SQL                        : 
    select
        p1_0.id_pessoa,
        a1_0.id_assistido,
        a1_0.created_by,
        a1_0.creation_date,
        a1_0.last_update_date,
        a1_0.last_updated_by,
        a1_0.num_auto,
        a1_0.num_processo,
        a1_0.observacao,
        a1_0.status_comparecimento,
        tm1_0.id_tipo_monitoramento,
        tm1_0.created_by,
        tm1_0.creation_date,
        tm1_0.descricao,
        tm1_0.flag_ativo,
        tm1_0.last_update_date,
        tm1_0.last_updated_by,
        tr1_0.id_tipo_regime,
        tr1_0.created_by,
        tr1_0.creation_date,
        tr1_0.descricao,
        tr1_0.flag_ativo,
        tr1_0.last_update_date,
        tr1_0.last_updated_by,
        ts1_0.id_tipo_situacao,
        ts1_0.created_by,
        ts1_0.creation_date,
        ts1_0.descricao,
        ts1_0.flag_ativo,
        ts1_0.last_update_date,
        ts1_0.last_updated_by,
        a1_0.ultimo_comparecimento,
        vep1_0.id_vara_exec_penal,
        vep1_0.created_by,
        vep1_0.creation_date,
        vep1_0.descricao,
        vep1_0.last_update_date,
        vep1_0.last_updated_by,
        vep1_0.nome,
        c1_0.id_assistido,
        c1_0.id_comparecimento,
        c1_0.created_by,
        c1_0.creation_date,
        c1_0.data,
        c1_0.flag_comparecimento,
        c1_0.last_update_date,
        c1_0.last_updated_by,
        c1_0.observacoes,
        p1_0.cpf,
        p1_0.created_by,
        p1_0.creation_date,
        p1_0.data_nascimento,
        e1_0.id_endereco,
        e1_0.bairro,
        e1_0.cep,
        e1_0.cidade,
        e1_0.created_by,
        e1_0.creation_date,
        e1_0.estado,
        e1_0.last_update_date,
        e1_0.last_updated_by,
        e1_0.numero,
        e1_0.rua,
        p1_0.last_update_date,
        p1_0.last_updated_by,
        p1_0.nome,
        p1_0.segundo_nome,
        p1_0.telefone,
        u1_0.id_usuario,
        u1_0.tipo_acesso,
        u1_0.created_by,
        u1_0.creation_date,
        u1_0.email,
        u1_0.last_update_date,
        u1_0.last_updated_by,
        u1_0.nome_user,
        u1_0.senha 
    from
        pessoa p1_0 
    left join
        assistido a1_0 
            on p1_0.id_pessoa=a1_0.id_pessoa 
    left join
        tipo_monitoramento tm1_0 
            on tm1_0.id_tipo_monitoramento=a1_0.id_tipo_monitoramento 
    left join
        tipo_regime tr1_0 
            on tr1_0.id_tipo_regime=a1_0.id_tipo_regime 
    left join
        tipo_situacao ts1_0 
            on ts1_0.id_tipo_situacao=a1_0.id_tipo_situacao 
    left join
        vara_exec_penal vep1_0 
            on vep1_0.id_vara_exec_penal=a1_0.id_vara_exec_penal 
    left join
        comparecimento c1_0 
            on a1_0.id_assistido=c1_0.id_assistido 
    left join
        endereco e1_0 
            on e1_0.id_endereco=p1_0.id_endereco 
    left join
        usuario u1_0 
            on u1_0.id_usuario=p1_0.id_usuario 
    where
        p1_0.id_pessoa=?
Hibernate: 
    select
        p1_0.id_pessoa,
        a1_0.id_assistido,
        a1_0.created_by,
        a1_0.creation_date,
        a1_0.last_update_date,
        a1_0.last_updated_by,
        a1_0.num_auto,
        a1_0.num_processo,
        a1_0.observacao,
        a1_0.status_comparecimento,
        tm1_0.id_tipo_monitoramento,
        tm1_0.created_by,
        tm1_0.creation_date,
        tm1_0.descricao,
        tm1_0.flag_ativo,
        tm1_0.last_update_date,
        tm1_0.last_updated_by,
        tr1_0.id_tipo_regime,
        tr1_0.created_by,
        tr1_0.creation_date,
        tr1_0.descricao,
        tr1_0.flag_ativo,
        tr1_0.last_update_date,
        tr1_0.last_updated_by,
        ts1_0.id_tipo_situacao,
        ts1_0.created_by,
        ts1_0.creation_date,
        ts1_0.descricao,
        ts1_0.flag_ativo,
        ts1_0.last_update_date,
        ts1_0.last_updated_by,
        a1_0.ultimo_comparecimento,
        vep1_0.id_vara_exec_penal,
        vep1_0.created_by,
        vep1_0.creation_date,
        vep1_0.descricao,
        vep1_0.last_update_date,
        vep1_0.last_updated_by,
        vep1_0.nome,
        c1_0.id_assistido,
        c1_0.id_comparecimento,
        c1_0.created_by,
        c1_0.creation_date,
        c1_0.data,
        c1_0.flag_comparecimento,
        c1_0.last_update_date,
        c1_0.last_updated_by,
        c1_0.observacoes,
        p1_0.cpf,
        p1_0.created_by,
        p1_0.creation_date,
        p1_0.data_nascimento,
        e1_0.id_endereco,
        e1_0.bairro,
        e1_0.cep,
        e1_0.cidade,
        e1_0.created_by,
        e1_0.creation_date,
        e1_0.estado,
        e1_0.last_update_date,
        e1_0.last_updated_by,
        e1_0.numero,
        e1_0.rua,
        p1_0.last_update_date,
        p1_0.last_updated_by,
        p1_0.nome,
        p1_0.segundo_nome,
        p1_0.telefone,
        u1_0.id_usuario,
        u1_0.tipo_acesso,
        u1_0.created_by,
        u1_0.creation_date,
        u1_0.email,
        u1_0.last_update_date,
        u1_0.last_updated_by,
        u1_0.nome_user,
        u1_0.senha 
    from
        pessoa p1_0 
    left join
        assistido a1_0 
            on p1_0.id_pessoa=a1_0.id_pessoa 
    left join
        tipo_monitoramento tm1_0 
            on tm1_0.id_tipo_monitoramento=a1_0.id_tipo_monitoramento 
    left join
        tipo_regime tr1_0 
            on tr1_0.id_tipo_regime=a1_0.id_tipo_regime 
    left join
        tipo_situacao ts1_0 
            on ts1_0.id_tipo_situacao=a1_0.id_tipo_situacao 
    left join
        vara_exec_penal vep1_0 
            on vep1_0.id_vara_exec_penal=a1_0.id_vara_exec_penal 
    left join
        comparecimento c1_0 
            on a1_0.id_assistido=c1_0.id_assistido 
    left join
        endereco e1_0 
            on e1_0.id_endereco=p1_0.id_endereco 
    left join
        usuario u1_0 
            on u1_0.id_usuario=p1_0.id_usuario 
    where
        p1_0.id_pessoa=?
2025-09-24T15:48:47.744-03:00 DEBUG 1905 --- [away] [nio-8080-exec-1] org.hibernate.SQL                        : 
    select
        p1_0.id_pessoa,
        a1_0.id_assistido,
        a1_0.created_by,
        a1_0.creation_date,
        a1_0.last_update_date,
        a1_0.last_updated_by,
        a1_0.num_auto,
        a1_0.num_processo,
        a1_0.observacao,
        a1_0.status_comparecimento,
        tm1_0.id_tipo_monitoramento,
        tm1_0.created_by,
        tm1_0.creation_date,
        tm1_0.descricao,
        tm1_0.flag_ativo,
        tm1_0.last_update_date,
        tm1_0.last_updated_by,
        tr1_0.id_tipo_regime,
        tr1_0.created_by,
        tr1_0.creation_date,
        tr1_0.descricao,
        tr1_0.flag_ativo,
        tr1_0.last_update_date,
        tr1_0.last_updated_by,
        ts1_0.id_tipo_situacao,
        ts1_0.created_by,
        ts1_0.creation_date,
        ts1_0.descricao,
        ts1_0.flag_ativo,
        ts1_0.last_update_date,
        ts1_0.last_updated_by,
        a1_0.ultimo_comparecimento,
        vep1_0.id_vara_exec_penal,
        vep1_0.created_by,
        vep1_0.creation_date,
        vep1_0.descricao,
        vep1_0.last_update_date,
        vep1_0.last_updated_by,
        vep1_0.nome,
        c1_0.id_assistido,
        c1_0.id_comparecimento,
        c1_0.created_by,
        c1_0.creation_date,
        c1_0.data,
        c1_0.flag_comparecimento,
        c1_0.last_update_date,
        c1_0.last_updated_by,
        c1_0.observacoes,
        p1_0.cpf,
        p1_0.created_by,
        p1_0.creation_date,
        p1_0.data_nascimento,
        e1_0.id_endereco,
        e1_0.bairro,
        e1_0.cep,
        e1_0.cidade,
        e1_0.created_by,
        e1_0.creation_date,
        e1_0.estado,
        e1_0.last_update_date,
        e1_0.last_updated_by,
        e1_0.numero,
        e1_0.rua,
        p1_0.last_update_date,
        p1_0.last_updated_by,
        p1_0.nome,
        p1_0.segundo_nome,
        p1_0.telefone,
        u1_0.id_usuario,
        u1_0.tipo_acesso,
        u1_0.created_by,
        u1_0.creation_date,
        u1_0.email,
        u1_0.last_update_date,
        u1_0.last_updated_by,
        u1_0.nome_user,
        u1_0.senha 
    from
        pessoa p1_0 
    left join
        assistido a1_0 
            on p1_0.id_pessoa=a1_0.id_pessoa 
    left join
        tipo_monitoramento tm1_0 
            on tm1_0.id_tipo_monitoramento=a1_0.id_tipo_monitoramento 
    left join
        tipo_regime tr1_0 
            on tr1_0.id_tipo_regime=a1_0.id_tipo_regime 
    left join
        tipo_situacao ts1_0 
            on ts1_0.id_tipo_situacao=a1_0.id_tipo_situacao 
    left join
        vara_exec_penal vep1_0 
            on vep1_0.id_vara_exec_penal=a1_0.id_vara_exec_penal 
    left join
        comparecimento c1_0 
            on a1_0.id_assistido=c1_0.id_assistido 
    left join
        endereco e1_0 
            on e1_0.id_endereco=p1_0.id_endereco 
    left join
        usuario u1_0 
            on u1_0.id_usuario=p1_0.id_usuario 
    where
        p1_0.id_pessoa=?
Hibernate: 
    select
        p1_0.id_pessoa,
        a1_0.id_assistido,
        a1_0.created_by,
        a1_0.creation_date,
        a1_0.last_update_date,
        a1_0.last_updated_by,
        a1_0.num_auto,
        a1_0.num_processo,
        a1_0.observacao,
        a1_0.status_comparecimento,
        tm1_0.id_tipo_monitoramento,
        tm1_0.created_by,
        tm1_0.creation_date,
        tm1_0.descricao,
        tm1_0.flag_ativo,
        tm1_0.last_update_date,
        tm1_0.last_updated_by,
        tr1_0.id_tipo_regime,
        tr1_0.created_by,
        tr1_0.creation_date,
        tr1_0.descricao,
        tr1_0.flag_ativo,
        tr1_0.last_update_date,
        tr1_0.last_updated_by,
        ts1_0.id_tipo_situacao,
        ts1_0.created_by,
        ts1_0.creation_date,
        ts1_0.descricao,
        ts1_0.flag_ativo,
        ts1_0.last_update_date,
        ts1_0.last_updated_by,
        a1_0.ultimo_comparecimento,
        vep1_0.id_vara_exec_penal,
        vep1_0.created_by,
        vep1_0.creation_date,
        vep1_0.descricao,
        vep1_0.last_update_date,
        vep1_0.last_updated_by,
        vep1_0.nome,
        c1_0.id_assistido,
        c1_0.id_comparecimento,
        c1_0.created_by,
        c1_0.creation_date,
        c1_0.data,
        c1_0.flag_comparecimento,
        c1_0.last_update_date,
        c1_0.last_updated_by,
        c1_0.observacoes,
        p1_0.cpf,
        p1_0.created_by,
        p1_0.creation_date,
        p1_0.data_nascimento,
        e1_0.id_endereco,
        e1_0.bairro,
        e1_0.cep,
        e1_0.cidade,
        e1_0.created_by,
        e1_0.creation_date,
        e1_0.estado,
        e1_0.last_update_date,
        e1_0.last_updated_by,
        e1_0.numero,
        e1_0.rua,
        p1_0.last_update_date,
        p1_0.last_updated_by,
        p1_0.nome,
        p1_0.segundo_nome,
        p1_0.telefone,
        u1_0.id_usuario,
        u1_0.tipo_acesso,
        u1_0.created_by,
        u1_0.creation_date,
        u1_0.email,
        u1_0.last_update_date,
        u1_0.last_updated_by,
        u1_0.nome_user,
        u1_0.senha 
    from
        pessoa p1_0 
    left join
        assistido a1_0 
            on p1_0.id_pessoa=a1_0.id_pessoa 
    left join
        tipo_monitoramento tm1_0 
            on tm1_0.id_tipo_monitoramento=a1_0.id_tipo_monitoramento 
    left join
        tipo_regime tr1_0 
            on tr1_0.id_tipo_regime=a1_0.id_tipo_regime 
    left join
        tipo_situacao ts1_0 
            on ts1_0.id_tipo_situacao=a1_0.id_tipo_situacao 
    left join
        vara_exec_penal vep1_0 
            on vep1_0.id_vara_exec_penal=a1_0.id_vara_exec_penal 
    left join
        comparecimento c1_0 
            on a1_0.id_assistido=c1_0.id_assistido 
    left join
        endereco e1_0 
            on e1_0.id_endereco=p1_0.id_endereco 
    left join
        usuario u1_0 
            on u1_0.id_usuario=p1_0.id_usuario 
    where
        p1_0.id_pessoa=?
2025-09-24T15:48:47.750-03:00 DEBUG 1905 --- [away] [nio-8080-exec-1] org.hibernate.SQL                        : 
    select
        p1_0.id_pessoa,
        a1_0.id_assistido,
        a1_0.created_by,
        a1_0.creation_date,
        a1_0.last_update_date,
        a1_0.last_updated_by,
        a1_0.num_auto,
        a1_0.num_processo,
        a1_0.observacao,
        a1_0.status_comparecimento,
        tm1_0.id_tipo_monitoramento,
        tm1_0.created_by,
        tm1_0.creation_date,
        tm1_0.descricao,
        tm1_0.flag_ativo,
        tm1_0.last_update_date,
        tm1_0.last_updated_by,
        tr1_0.id_tipo_regime,
        tr1_0.created_by,
        tr1_0.creation_date,
        tr1_0.descricao,
        tr1_0.flag_ativo,
        tr1_0.last_update_date,
        tr1_0.last_updated_by,
        ts1_0.id_tipo_situacao,
        ts1_0.created_by,
        ts1_0.creation_date,
        ts1_0.descricao,
        ts1_0.flag_ativo,
        ts1_0.last_update_date,
        ts1_0.last_updated_by,
        a1_0.ultimo_comparecimento,
        vep1_0.id_vara_exec_penal,
        vep1_0.created_by,
        vep1_0.creation_date,
        vep1_0.descricao,
        vep1_0.last_update_date,
        vep1_0.last_updated_by,
        vep1_0.nome,
        c1_0.id_assistido,
        c1_0.id_comparecimento,
        c1_0.created_by,
        c1_0.creation_date,
        c1_0.data,
        c1_0.flag_comparecimento,
        c1_0.last_update_date,
        c1_0.last_updated_by,
        c1_0.observacoes,
        p1_0.cpf,
        p1_0.created_by,
        p1_0.creation_date,
        p1_0.data_nascimento,
        e1_0.id_endereco,
        e1_0.bairro,
        e1_0.cep,
        e1_0.cidade,
        e1_0.created_by,
        e1_0.creation_date,
        e1_0.estado,
        e1_0.last_update_date,
        e1_0.last_updated_by,
        e1_0.numero,
        e1_0.rua,
        p1_0.last_update_date,
        p1_0.last_updated_by,
        p1_0.nome,
        p1_0.segundo_nome,
        p1_0.telefone,
        u1_0.id_usuario,
        u1_0.tipo_acesso,
        u1_0.created_by,
        u1_0.creation_date,
        u1_0.email,
        u1_0.last_update_date,
        u1_0.last_updated_by,
        u1_0.nome_user,
        u1_0.senha 
    from
        pessoa p1_0 
    left join
        assistido a1_0 
            on p1_0.id_pessoa=a1_0.id_pessoa 
    left join
        tipo_monitoramento tm1_0 
            on tm1_0.id_tipo_monitoramento=a1_0.id_tipo_monitoramento 
    left join
        tipo_regime tr1_0 
            on tr1_0.id_tipo_regime=a1_0.id_tipo_regime 
    left join
        tipo_situacao ts1_0 
            on ts1_0.id_tipo_situacao=a1_0.id_tipo_situacao 
    left join
        vara_exec_penal vep1_0 
            on vep1_0.id_vara_exec_penal=a1_0.id_vara_exec_penal 
    left join
        comparecimento c1_0 
            on a1_0.id_assistido=c1_0.id_assistido 
    left join
        endereco e1_0 
            on e1_0.id_endereco=p1_0.id_endereco 
    left join
        usuario u1_0 
            on u1_0.id_usuario=p1_0.id_usuario 
    where
        p1_0.id_pessoa=?
Hibernate: 
    select
        p1_0.id_pessoa,
        a1_0.id_assistido,
        a1_0.created_by,
        a1_0.creation_date,
        a1_0.last_update_date,
        a1_0.last_updated_by,
        a1_0.num_auto,
        a1_0.num_processo,
        a1_0.observacao,
        a1_0.status_comparecimento,
        tm1_0.id_tipo_monitoramento,
        tm1_0.created_by,
        tm1_0.creation_date,
        tm1_0.descricao,
        tm1_0.flag_ativo,
        tm1_0.last_update_date,
        tm1_0.last_updated_by,
        tr1_0.id_tipo_regime,
        tr1_0.created_by,
        tr1_0.creation_date,
        tr1_0.descricao,
        tr1_0.flag_ativo,
        tr1_0.last_update_date,
        tr1_0.last_updated_by,
        ts1_0.id_tipo_situacao,
        ts1_0.created_by,
        ts1_0.creation_date,
        ts1_0.descricao,
        ts1_0.flag_ativo,
        ts1_0.last_update_date,
        ts1_0.last_updated_by,
        a1_0.ultimo_comparecimento,
        vep1_0.id_vara_exec_penal,
        vep1_0.created_by,
        vep1_0.creation_date,
        vep1_0.descricao,
        vep1_0.last_update_date,
        vep1_0.last_updated_by,
        vep1_0.nome,
        c1_0.id_assistido,
        c1_0.id_comparecimento,
        c1_0.created_by,
        c1_0.creation_date,
        c1_0.data,
        c1_0.flag_comparecimento,
        c1_0.last_update_date,
        c1_0.last_updated_by,
        c1_0.observacoes,
        p1_0.cpf,
        p1_0.created_by,
        p1_0.creation_date,
        p1_0.data_nascimento,
        e1_0.id_endereco,
        e1_0.bairro,
        e1_0.cep,
        e1_0.cidade,
        e1_0.created_by,
        e1_0.creation_date,
        e1_0.estado,
        e1_0.last_update_date,
        e1_0.last_updated_by,
        e1_0.numero,
        e1_0.rua,
        p1_0.last_update_date,
        p1_0.last_updated_by,
        p1_0.nome,
        p1_0.segundo_nome,
        p1_0.telefone,
        u1_0.id_usuario,
        u1_0.tipo_acesso,
        u1_0.created_by,
        u1_0.creation_date,
        u1_0.email,
        u1_0.last_update_date,
        u1_0.last_updated_by,
        u1_0.nome_user,
        u1_0.senha 
    from
        pessoa p1_0 
    left join
        assistido a1_0 
            on p1_0.id_pessoa=a1_0.id_pessoa 
    left join
        tipo_monitoramento tm1_0 
            on tm1_0.id_tipo_monitoramento=a1_0.id_tipo_monitoramento 
    left join
        tipo_regime tr1_0 
            on tr1_0.id_tipo_regime=a1_0.id_tipo_regime 
    left join
        tipo_situacao ts1_0 
            on ts1_0.id_tipo_situacao=a1_0.id_tipo_situacao 
    left join
        vara_exec_penal vep1_0 
            on vep1_0.id_vara_exec_penal=a1_0.id_vara_exec_penal 
    left join
        comparecimento c1_0 
            on a1_0.id_assistido=c1_0.id_assistido 
    left join
        endereco e1_0 
            on e1_0.id_endereco=p1_0.id_endereco 
    left join
        usuario u1_0 
            on u1_0.id_usuario=p1_0.id_usuario 
    where
        p1_0.id_pessoa=?
2025-09-24T15:48:47.757-03:00 DEBUG 1905 --- [away] [nio-8080-exec-1] org.hibernate.SQL                        : 
    select
        p1_0.id_pessoa,
        a1_0.id_assistido,
        a1_0.created_by,
        a1_0.creation_date,
        a1_0.last_update_date,
        a1_0.last_updated_by,
        a1_0.num_auto,
        a1_0.num_processo,
        a1_0.observacao,
        a1_0.status_comparecimento,
        tm1_0.id_tipo_monitoramento,
        tm1_0.created_by,
        tm1_0.creation_date,
        tm1_0.descricao,
        tm1_0.flag_ativo,
        tm1_0.last_update_date,
        tm1_0.last_updated_by,
        tr1_0.id_tipo_regime,
        tr1_0.created_by,
        tr1_0.creation_date,
        tr1_0.descricao,
        tr1_0.flag_ativo,
        tr1_0.last_update_date,
        tr1_0.last_updated_by,
        ts1_0.id_tipo_situacao,
        ts1_0.created_by,
        ts1_0.creation_date,
        ts1_0.descricao,
        ts1_0.flag_ativo,
        ts1_0.last_update_date,
        ts1_0.last_updated_by,
        a1_0.ultimo_comparecimento,
        vep1_0.id_vara_exec_penal,
        vep1_0.created_by,
        vep1_0.creation_date,
        vep1_0.descricao,
        vep1_0.last_update_date,
        vep1_0.last_updated_by,
        vep1_0.nome,
        c1_0.id_assistido,
        c1_0.id_comparecimento,
        c1_0.created_by,
        c1_0.creation_date,
        c1_0.data,
        c1_0.flag_comparecimento,
        c1_0.last_update_date,
        c1_0.last_updated_by,
        c1_0.observacoes,
        p1_0.cpf,
        p1_0.created_by,
        p1_0.creation_date,
        p1_0.data_nascimento,
        e1_0.id_endereco,
        e1_0.bairro,
        e1_0.cep,
        e1_0.cidade,
        e1_0.created_by,
        e1_0.creation_date,
        e1_0.estado,
        e1_0.last_update_date,
        e1_0.last_updated_by,
        e1_0.numero,
        e1_0.rua,
        p1_0.last_update_date,
        p1_0.last_updated_by,
        p1_0.nome,
        p1_0.segundo_nome,
        p1_0.telefone,
        u1_0.id_usuario,
        u1_0.tipo_acesso,
        u1_0.created_by,
        u1_0.creation_date,
        u1_0.email,
        u1_0.last_update_date,
        u1_0.last_updated_by,
        u1_0.nome_user,
        u1_0.senha 
    from
        pessoa p1_0 
    left join
        assistido a1_0 
            on p1_0.id_pessoa=a1_0.id_pessoa 
    left join
        tipo_monitoramento tm1_0 
            on tm1_0.id_tipo_monitoramento=a1_0.id_tipo_monitoramento 
    left join
        tipo_regime tr1_0 
            on tr1_0.id_tipo_regime=a1_0.id_tipo_regime 
    left join
        tipo_situacao ts1_0 
            on ts1_0.id_tipo_situacao=a1_0.id_tipo_situacao 
    left join
        vara_exec_penal vep1_0 
            on vep1_0.id_vara_exec_penal=a1_0.id_vara_exec_penal 
    left join
        comparecimento c1_0 
            on a1_0.id_assistido=c1_0.id_assistido 
    left join
        endereco e1_0 
            on e1_0.id_endereco=p1_0.id_endereco 
    left join
        usuario u1_0 
            on u1_0.id_usuario=p1_0.id_usuario 
    where
        p1_0.id_pessoa=?
Hibernate: 
    select
        p1_0.id_pessoa,
        a1_0.id_assistido,
        a1_0.created_by,
        a1_0.creation_date,
        a1_0.last_update_date,
        a1_0.last_updated_by,
        a1_0.num_auto,
        a1_0.num_processo,
        a1_0.observacao,
        a1_0.status_comparecimento,
        tm1_0.id_tipo_monitoramento,
        tm1_0.created_by,
        tm1_0.creation_date,
        tm1_0.descricao,
        tm1_0.flag_ativo,
        tm1_0.last_update_date,
        tm1_0.last_updated_by,
        tr1_0.id_tipo_regime,
        tr1_0.created_by,
        tr1_0.creation_date,
        tr1_0.descricao,
        tr1_0.flag_ativo,
        tr1_0.last_update_date,
        tr1_0.last_updated_by,
        ts1_0.id_tipo_situacao,
        ts1_0.created_by,
        ts1_0.creation_date,
        ts1_0.descricao,
        ts1_0.flag_ativo,
        ts1_0.last_update_date,
        ts1_0.last_updated_by,
        a1_0.ultimo_comparecimento,
        vep1_0.id_vara_exec_penal,
        vep1_0.created_by,
        vep1_0.creation_date,
        vep1_0.descricao,
        vep1_0.last_update_date,
        vep1_0.last_updated_by,
        vep1_0.nome,
        c1_0.id_assistido,
        c1_0.id_comparecimento,
        c1_0.created_by,
        c1_0.creation_date,
        c1_0.data,
        c1_0.flag_comparecimento,
        c1_0.last_update_date,
        c1_0.last_updated_by,
        c1_0.observacoes,
        p1_0.cpf,
        p1_0.created_by,
        p1_0.creation_date,
        p1_0.data_nascimento,
        e1_0.id_endereco,
        e1_0.bairro,
        e1_0.cep,
        e1_0.cidade,
        e1_0.created_by,
        e1_0.creation_date,
        e1_0.estado,
        e1_0.last_update_date,
        e1_0.last_updated_by,
        e1_0.numero,
        e1_0.rua,
        p1_0.last_update_date,
        p1_0.last_updated_by,
        p1_0.nome,
        p1_0.segundo_nome,
        p1_0.telefone,
        u1_0.id_usuario,
        u1_0.tipo_acesso,
        u1_0.created_by,
        u1_0.creation_date,
        u1_0.email,
        u1_0.last_update_date,
        u1_0.last_updated_by,
        u1_0.nome_user,
        u1_0.senha 
    from
        pessoa p1_0 
    left join
        assistido a1_0 
            on p1_0.id_pessoa=a1_0.id_pessoa 
    left join
        tipo_monitoramento tm1_0 
            on tm1_0.id_tipo_monitoramento=a1_0.id_tipo_monitoramento 
    left join
        tipo_regime tr1_0 
            on tr1_0.id_tipo_regime=a1_0.id_tipo_regime 
    left join
        tipo_situacao ts1_0 
            on ts1_0.id_tipo_situacao=a1_0.id_tipo_situacao 
    left join
        vara_exec_penal vep1_0 
            on vep1_0.id_vara_exec_penal=a1_0.id_vara_exec_penal 
    left join
        comparecimento c1_0 
            on a1_0.id_assistido=c1_0.id_assistido 
    left join
        endereco e1_0 
            on e1_0.id_endereco=p1_0.id_endereco 
    left join
        usuario u1_0 
            on u1_0.id_usuario=p1_0.id_usuario 
    where
        p1_0.id_pessoa=?
2025-09-24T15:48:47.763-03:00 DEBUG 1905 --- [away] [nio-8080-exec-1] org.hibernate.SQL                        : 
    select
        p1_0.id_pessoa,
        a1_0.id_assistido,
        a1_0.created_by,
        a1_0.creation_date,
        a1_0.last_update_date,
        a1_0.last_updated_by,
        a1_0.num_auto,
        a1_0.num_processo,
        a1_0.observacao,
        a1_0.status_comparecimento,
        tm1_0.id_tipo_monitoramento,
        tm1_0.created_by,
        tm1_0.creation_date,
        tm1_0.descricao,
        tm1_0.flag_ativo,
        tm1_0.last_update_date,
        tm1_0.last_updated_by,
        tr1_0.id_tipo_regime,
        tr1_0.created_by,
        tr1_0.creation_date,
        tr1_0.descricao,
        tr1_0.flag_ativo,
        tr1_0.last_update_date,
        tr1_0.last_updated_by,
        ts1_0.id_tipo_situacao,
        ts1_0.created_by,
        ts1_0.creation_date,
        ts1_0.descricao,
        ts1_0.flag_ativo,
        ts1_0.last_update_date,
        ts1_0.last_updated_by,
        a1_0.ultimo_comparecimento,
        vep1_0.id_vara_exec_penal,
        vep1_0.created_by,
        vep1_0.creation_date,
        vep1_0.descricao,
        vep1_0.last_update_date,
        vep1_0.last_updated_by,
        vep1_0.nome,
        c1_0.id_assistido,
        c1_0.id_comparecimento,
        c1_0.created_by,
        c1_0.creation_date,
        c1_0.data,
        c1_0.flag_comparecimento,
        c1_0.last_update_date,
        c1_0.last_updated_by,
        c1_0.observacoes,
        p1_0.cpf,
        p1_0.created_by,
        p1_0.creation_date,
        p1_0.data_nascimento,
        e1_0.id_endereco,
        e1_0.bairro,
        e1_0.cep,
        e1_0.cidade,
        e1_0.created_by,
        e1_0.creation_date,
        e1_0.estado,
        e1_0.last_update_date,
        e1_0.last_updated_by,
        e1_0.numero,
        e1_0.rua,
        p1_0.last_update_date,
        p1_0.last_updated_by,
        p1_0.nome,
        p1_0.segundo_nome,
        p1_0.telefone,
        u1_0.id_usuario,
        u1_0.tipo_acesso,
        u1_0.created_by,
        u1_0.creation_date,
        u1_0.email,
        u1_0.last_update_date,
        u1_0.last_updated_by,
        u1_0.nome_user,
        u1_0.senha 
    from
        pessoa p1_0 
    left join
        assistido a1_0 
            on p1_0.id_pessoa=a1_0.id_pessoa 
    left join
        tipo_monitoramento tm1_0 
            on tm1_0.id_tipo_monitoramento=a1_0.id_tipo_monitoramento 
    left join
        tipo_regime tr1_0 
            on tr1_0.id_tipo_regime=a1_0.id_tipo_regime 
    left join
        tipo_situacao ts1_0 
            on ts1_0.id_tipo_situacao=a1_0.id_tipo_situacao 
    left join
        vara_exec_penal vep1_0 
            on vep1_0.id_vara_exec_penal=a1_0.id_vara_exec_penal 
    left join
        comparecimento c1_0 
            on a1_0.id_assistido=c1_0.id_assistido 
    left join
        endereco e1_0 
            on e1_0.id_endereco=p1_0.id_endereco 
    left join
        usuario u1_0 
            on u1_0.id_usuario=p1_0.id_usuario 
    where
        p1_0.id_pessoa=?
Hibernate: 
    select
        p1_0.id_pessoa,
        a1_0.id_assistido,
        a1_0.created_by,
        a1_0.creation_date,
        a1_0.last_update_date,
        a1_0.last_updated_by,
        a1_0.num_auto,
        a1_0.num_processo,
        a1_0.observacao,
        a1_0.status_comparecimento,
        tm1_0.id_tipo_monitoramento,
        tm1_0.created_by,
        tm1_0.creation_date,
        tm1_0.descricao,
        tm1_0.flag_ativo,
        tm1_0.last_update_date,
        tm1_0.last_updated_by,
        tr1_0.id_tipo_regime,
        tr1_0.created_by,
        tr1_0.creation_date,
        tr1_0.descricao,
        tr1_0.flag_ativo,
        tr1_0.last_update_date,
        tr1_0.last_updated_by,
        ts1_0.id_tipo_situacao,
        ts1_0.created_by,
        ts1_0.creation_date,
        ts1_0.descricao,
        ts1_0.flag_ativo,
        ts1_0.last_update_date,
        ts1_0.last_updated_by,
        a1_0.ultimo_comparecimento,
        vep1_0.id_vara_exec_penal,
        vep1_0.created_by,
        vep1_0.creation_date,
        vep1_0.descricao,
        vep1_0.last_update_date,
        vep1_0.last_updated_by,
        vep1_0.nome,
        c1_0.id_assistido,
        c1_0.id_comparecimento,
        c1_0.created_by,
        c1_0.creation_date,
        c1_0.data,
        c1_0.flag_comparecimento,
        c1_0.last_update_date,
        c1_0.last_updated_by,
        c1_0.observacoes,
        p1_0.cpf,
        p1_0.created_by,
        p1_0.creation_date,
        p1_0.data_nascimento,
        e1_0.id_endereco,
        e1_0.bairro,
        e1_0.cep,
        e1_0.cidade,
        e1_0.created_by,
        e1_0.creation_date,
        e1_0.estado,
        e1_0.last_update_date,
        e1_0.last_updated_by,
        e1_0.numero,
        e1_0.rua,
        p1_0.last_update_date,
        p1_0.last_updated_by,
        p1_0.nome,
        p1_0.segundo_nome,
        p1_0.telefone,
        u1_0.id_usuario,
        u1_0.tipo_acesso,
        u1_0.created_by,
        u1_0.creation_date,
        u1_0.email,
        u1_0.last_update_date,
        u1_0.last_updated_by,
        u1_0.nome_user,
        u1_0.senha 
    from
        pessoa p1_0 
    left join
        assistido a1_0 
            on p1_0.id_pessoa=a1_0.id_pessoa 
    left join
        tipo_monitoramento tm1_0 
            on tm1_0.id_tipo_monitoramento=a1_0.id_tipo_monitoramento 
    left join
        tipo_regime tr1_0 
            on tr1_0.id_tipo_regime=a1_0.id_tipo_regime 
    left join
        tipo_situacao ts1_0 
            on ts1_0.id_tipo_situacao=a1_0.id_tipo_situacao 
    left join
        vara_exec_penal vep1_0 
            on vep1_0.id_vara_exec_penal=a1_0.id_vara_exec_penal 
    left join
        comparecimento c1_0 
            on a1_0.id_assistido=c1_0.id_assistido 
    left join
        endereco e1_0 
            on e1_0.id_endereco=p1_0.id_endereco 
    left join
        usuario u1_0 
            on u1_0.id_usuario=p1_0.id_usuario 
    where
        p1_0.id_pessoa=?
2025-09-24T15:48:54.513-03:00 DEBUG 1905 --- [away] [nio-8080-exec-2] org.hibernate.SQL                        : 
    select
        a1_0.id_assistido,
        a1_0.created_by,
        a1_0.creation_date,
        a1_0.last_update_date,
        a1_0.last_updated_by,
        a1_0.num_auto,
        a1_0.num_processo,
        a1_0.observacao,
        a1_0.id_pessoa,
        a1_0.status_comparecimento,
        a1_0.id_tipo_monitoramento,
        a1_0.id_tipo_regime,
        a1_0.id_tipo_situacao,
        a1_0.ultimo_comparecimento,
        a1_0.id_vara_exec_penal 
    from
        assistido a1_0
Hibernate: 
    select
        a1_0.id_assistido,
        a1_0.created_by,
        a1_0.creation_date,
        a1_0.last_update_date,
        a1_0.last_updated_by,
        a1_0.num_auto,
        a1_0.num_processo,
        a1_0.observacao,
        a1_0.id_pessoa,
        a1_0.status_comparecimento,
        a1_0.id_tipo_monitoramento,
        a1_0.id_tipo_regime,
        a1_0.id_tipo_situacao,
        a1_0.ultimo_comparecimento,
        a1_0.id_vara_exec_penal 
    from
        assistido a1_0
2025-09-24T15:48:54.520-03:00 DEBUG 1905 --- [away] [nio-8080-exec-2] org.hibernate.SQL                        : 
    select
        p1_0.id_pessoa,
        a1_0.id_assistido,
        a1_0.created_by,
        a1_0.creation_date,
        a1_0.last_update_date,
        a1_0.last_updated_by,
        a1_0.num_auto,
        a1_0.num_processo,
        a1_0.observacao,
        a1_0.status_comparecimento,
        tm1_0.id_tipo_monitoramento,
        tm1_0.created_by,
        tm1_0.creation_date,
        tm1_0.descricao,
        tm1_0.flag_ativo,
        tm1_0.last_update_date,
        tm1_0.last_updated_by,
        tr1_0.id_tipo_regime,
        tr1_0.created_by,
        tr1_0.creation_date,
        tr1_0.descricao,
        tr1_0.flag_ativo,
        tr1_0.last_update_date,
        tr1_0.last_updated_by,
        ts1_0.id_tipo_situacao,
        ts1_0.created_by,
        ts1_0.creation_date,
        ts1_0.descricao,
        ts1_0.flag_ativo,
        ts1_0.last_update_date,
        ts1_0.last_updated_by,
        a1_0.ultimo_comparecimento,
        vep1_0.id_vara_exec_penal,
        vep1_0.created_by,
        vep1_0.creation_date,
        vep1_0.descricao,
        vep1_0.last_update_date,
        vep1_0.last_updated_by,
        vep1_0.nome,
        c1_0.id_assistido,
        c1_0.id_comparecimento,
        c1_0.created_by,
        c1_0.creation_date,
        c1_0.data,
        c1_0.flag_comparecimento,
        c1_0.last_update_date,
        c1_0.last_updated_by,
        c1_0.observacoes,
        p1_0.cpf,
        p1_0.created_by,
        p1_0.creation_date,
        p1_0.data_nascimento,
        e1_0.id_endereco,
        e1_0.bairro,
        e1_0.cep,
        e1_0.cidade,
        e1_0.created_by,
        e1_0.creation_date,
        e1_0.estado,
        e1_0.last_update_date,
        e1_0.last_updated_by,
        e1_0.numero,
        e1_0.rua,
        p1_0.last_update_date,
        p1_0.last_updated_by,
        p1_0.nome,
        p1_0.segundo_nome,
        p1_0.telefone,
        u1_0.id_usuario,
        u1_0.tipo_acesso,
        u1_0.created_by,
        u1_0.creation_date,
        u1_0.email,
        u1_0.last_update_date,
        u1_0.last_updated_by,
        u1_0.nome_user,
        u1_0.senha 
    from
        pessoa p1_0 
    left join
        assistido a1_0 
            on p1_0.id_pessoa=a1_0.id_pessoa 
    left join
        tipo_monitoramento tm1_0 
            on tm1_0.id_tipo_monitoramento=a1_0.id_tipo_monitoramento 
    left join
        tipo_regime tr1_0 
            on tr1_0.id_tipo_regime=a1_0.id_tipo_regime 
    left join
        tipo_situacao ts1_0 
            on ts1_0.id_tipo_situacao=a1_0.id_tipo_situacao 
    left join
        vara_exec_penal vep1_0 
            on vep1_0.id_vara_exec_penal=a1_0.id_vara_exec_penal 
    left join
        comparecimento c1_0 
            on a1_0.id_assistido=c1_0.id_assistido 
    left join
        endereco e1_0 
            on e1_0.id_endereco=p1_0.id_endereco 
    left join
        usuario u1_0 
            on u1_0.id_usuario=p1_0.id_usuario 
    where
        p1_0.id_pessoa=?
Hibernate: 
    select
        p1_0.id_pessoa,
        a1_0.id_assistido,
        a1_0.created_by,
        a1_0.creation_date,
        a1_0.last_update_date,
        a1_0.last_updated_by,
        a1_0.num_auto,
        a1_0.num_processo,
        a1_0.observacao,
        a1_0.status_comparecimento,
        tm1_0.id_tipo_monitoramento,
        tm1_0.created_by,
        tm1_0.creation_date,
        tm1_0.descricao,
        tm1_0.flag_ativo,
        tm1_0.last_update_date,
        tm1_0.last_updated_by,
        tr1_0.id_tipo_regime,
        tr1_0.created_by,
        tr1_0.creation_date,
        tr1_0.descricao,
        tr1_0.flag_ativo,
        tr1_0.last_update_date,
        tr1_0.last_updated_by,
        ts1_0.id_tipo_situacao,
        ts1_0.created_by,
        ts1_0.creation_date,
        ts1_0.descricao,
        ts1_0.flag_ativo,
        ts1_0.last_update_date,
        ts1_0.last_updated_by,
        a1_0.ultimo_comparecimento,
        vep1_0.id_vara_exec_penal,
        vep1_0.created_by,
        vep1_0.creation_date,
        vep1_0.descricao,
        vep1_0.last_update_date,
        vep1_0.last_updated_by,
        vep1_0.nome,
        c1_0.id_assistido,
        c1_0.id_comparecimento,
        c1_0.created_by,
        c1_0.creation_date,
        c1_0.data,
        c1_0.flag_comparecimento,
        c1_0.last_update_date,
        c1_0.last_updated_by,
        c1_0.observacoes,
        p1_0.cpf,
        p1_0.created_by,
        p1_0.creation_date,
        p1_0.data_nascimento,
        e1_0.id_endereco,
        e1_0.bairro,
        e1_0.cep,
        e1_0.cidade,
        e1_0.created_by,
        e1_0.creation_date,
        e1_0.estado,
        e1_0.last_update_date,
        e1_0.last_updated_by,
        e1_0.numero,
        e1_0.rua,
        p1_0.last_update_date,
        p1_0.last_updated_by,
        p1_0.nome,
        p1_0.segundo_nome,
        p1_0.telefone,
        u1_0.id_usuario,
        u1_0.tipo_acesso,
        u1_0.created_by,
        u1_0.creation_date,
        u1_0.email,
        u1_0.last_update_date,
        u1_0.last_updated_by,
        u1_0.nome_user,
        u1_0.senha 
    from
        pessoa p1_0 
    left join
        assistido a1_0 
            on p1_0.id_pessoa=a1_0.id_pessoa 
    left join
        tipo_monitoramento tm1_0 
            on tm1_0.id_tipo_monitoramento=a1_0.id_tipo_monitoramento 
    left join
        tipo_regime tr1_0 
            on tr1_0.id_tipo_regime=a1_0.id_tipo_regime 
    left join
        tipo_situacao ts1_0 
            on ts1_0.id_tipo_situacao=a1_0.id_tipo_situacao 
    left join
        vara_exec_penal vep1_0 
            on vep1_0.id_vara_exec_penal=a1_0.id_vara_exec_penal 
    left join
        comparecimento c1_0 
            on a1_0.id_assistido=c1_0.id_assistido 
    left join
        endereco e1_0 
            on e1_0.id_endereco=p1_0.id_endereco 
    left join
        usuario u1_0 
            on u1_0.id_usuario=p1_0.id_usuario 
    where
        p1_0.id_pessoa=?
2025-09-24T15:48:54.528-03:00 DEBUG 1905 --- [away] [nio-8080-exec-2] org.hibernate.SQL                        : 
    select
        p1_0.id_pessoa,
        a1_0.id_assistido,
        a1_0.created_by,
        a1_0.creation_date,
        a1_0.last_update_date,
        a1_0.last_updated_by,
        a1_0.num_auto,
        a1_0.num_processo,
        a1_0.observacao,
        a1_0.status_comparecimento,
        tm1_0.id_tipo_monitoramento,
        tm1_0.created_by,
        tm1_0.creation_date,
        tm1_0.descricao,
        tm1_0.flag_ativo,
        tm1_0.last_update_date,
        tm1_0.last_updated_by,
        tr1_0.id_tipo_regime,
        tr1_0.created_by,
        tr1_0.creation_date,
        tr1_0.descricao,
        tr1_0.flag_ativo,
        tr1_0.last_update_date,
        tr1_0.last_updated_by,
        ts1_0.id_tipo_situacao,
        ts1_0.created_by,
        ts1_0.creation_date,
        ts1_0.descricao,
        ts1_0.flag_ativo,
        ts1_0.last_update_date,
        ts1_0.last_updated_by,
        a1_0.ultimo_comparecimento,
        vep1_0.id_vara_exec_penal,
        vep1_0.created_by,
        vep1_0.creation_date,
        vep1_0.descricao,
        vep1_0.last_update_date,
        vep1_0.last_updated_by,
        vep1_0.nome,
        c1_0.id_assistido,
        c1_0.id_comparecimento,
        c1_0.created_by,
        c1_0.creation_date,
        c1_0.data,
        c1_0.flag_comparecimento,
        c1_0.last_update_date,
        c1_0.last_updated_by,
        c1_0.observacoes,
        p1_0.cpf,
        p1_0.created_by,
        p1_0.creation_date,
        p1_0.data_nascimento,
        e1_0.id_endereco,
        e1_0.bairro,
        e1_0.cep,
        e1_0.cidade,
        e1_0.created_by,
        e1_0.creation_date,
        e1_0.estado,
        e1_0.last_update_date,
        e1_0.last_updated_by,
        e1_0.numero,
        e1_0.rua,
        p1_0.last_update_date,
        p1_0.last_updated_by,
        p1_0.nome,
        p1_0.segundo_nome,
        p1_0.telefone,
        u1_0.id_usuario,
        u1_0.tipo_acesso,
        u1_0.created_by,
        u1_0.creation_date,
        u1_0.email,
        u1_0.last_update_date,
        u1_0.last_updated_by,
        u1_0.nome_user,
        u1_0.senha 
    from
        pessoa p1_0 
    left join
        assistido a1_0 
            on p1_0.id_pessoa=a1_0.id_pessoa 
    left join
        tipo_monitoramento tm1_0 
            on tm1_0.id_tipo_monitoramento=a1_0.id_tipo_monitoramento 
    left join
        tipo_regime tr1_0 
            on tr1_0.id_tipo_regime=a1_0.id_tipo_regime 
    left join
        tipo_situacao ts1_0 
            on ts1_0.id_tipo_situacao=a1_0.id_tipo_situacao 
    left join
        vara_exec_penal vep1_0 
            on vep1_0.id_vara_exec_penal=a1_0.id_vara_exec_penal 
    left join
        comparecimento c1_0 
            on a1_0.id_assistido=c1_0.id_assistido 
    left join
        endereco e1_0 
            on e1_0.id_endereco=p1_0.id_endereco 
    left join
        usuario u1_0 
            on u1_0.id_usuario=p1_0.id_usuario 
    where
        p1_0.id_pessoa=?
Hibernate: 
    select
        p1_0.id_pessoa,
        a1_0.id_assistido,
        a1_0.created_by,
        a1_0.creation_date,
        a1_0.last_update_date,
        a1_0.last_updated_by,
        a1_0.num_auto,
        a1_0.num_processo,
        a1_0.observacao,
        a1_0.status_comparecimento,
        tm1_0.id_tipo_monitoramento,
        tm1_0.created_by,
        tm1_0.creation_date,
        tm1_0.descricao,
        tm1_0.flag_ativo,
        tm1_0.last_update_date,
        tm1_0.last_updated_by,
        tr1_0.id_tipo_regime,
        tr1_0.created_by,
        tr1_0.creation_date,
        tr1_0.descricao,
        tr1_0.flag_ativo,
        tr1_0.last_update_date,
        tr1_0.last_updated_by,
        ts1_0.id_tipo_situacao,
        ts1_0.created_by,
        ts1_0.creation_date,
        ts1_0.descricao,
        ts1_0.flag_ativo,
        ts1_0.last_update_date,
        ts1_0.last_updated_by,
        a1_0.ultimo_comparecimento,
        vep1_0.id_vara_exec_penal,
        vep1_0.created_by,
        vep1_0.creation_date,
        vep1_0.descricao,
        vep1_0.last_update_date,
        vep1_0.last_updated_by,
        vep1_0.nome,
        c1_0.id_assistido,
        c1_0.id_comparecimento,
        c1_0.created_by,
        c1_0.creation_date,
        c1_0.data,
        c1_0.flag_comparecimento,
        c1_0.last_update_date,
        c1_0.last_updated_by,
        c1_0.observacoes,
        p1_0.cpf,
        p1_0.created_by,
        p1_0.creation_date,
        p1_0.data_nascimento,
        e1_0.id_endereco,
        e1_0.bairro,
        e1_0.cep,
        e1_0.cidade,
        e1_0.created_by,
        e1_0.creation_date,
        e1_0.estado,
        e1_0.last_update_date,
        e1_0.last_updated_by,
        e1_0.numero,
        e1_0.rua,
        p1_0.last_update_date,
        p1_0.last_updated_by,
        p1_0.nome,
        p1_0.segundo_nome,
        p1_0.telefone,
        u1_0.id_usuario,
        u1_0.tipo_acesso,
        u1_0.created_by,
        u1_0.creation_date,
        u1_0.email,
        u1_0.last_update_date,
        u1_0.last_updated_by,
        u1_0.nome_user,
        u1_0.senha 
    from
        pessoa p1_0 
    left join
        assistido a1_0 
            on p1_0.id_pessoa=a1_0.id_pessoa 
    left join
        tipo_monitoramento tm1_0 
            on tm1_0.id_tipo_monitoramento=a1_0.id_tipo_monitoramento 
    left join
        tipo_regime tr1_0 
            on tr1_0.id_tipo_regime=a1_0.id_tipo_regime 
    left join
        tipo_situacao ts1_0 
            on ts1_0.id_tipo_situacao=a1_0.id_tipo_situacao 
    left join
        vara_exec_penal vep1_0 
            on vep1_0.id_vara_exec_penal=a1_0.id_vara_exec_penal 
    left join
        comparecimento c1_0 
            on a1_0.id_assistido=c1_0.id_assistido 
    left join
        endereco e1_0 
            on e1_0.id_endereco=p1_0.id_endereco 
    left join
        usuario u1_0 
            on u1_0.id_usuario=p1_0.id_usuario 
    where
        p1_0.id_pessoa=?
2025-09-24T15:48:54.536-03:00 DEBUG 1905 --- [away] [nio-8080-exec-2] org.hibernate.SQL                        : 
    select
        p1_0.id_pessoa,
        a1_0.id_assistido,
        a1_0.created_by,
        a1_0.creation_date,
        a1_0.last_update_date,
        a1_0.last_updated_by,
        a1_0.num_auto,
        a1_0.num_processo,
        a1_0.observacao,
        a1_0.status_comparecimento,
        tm1_0.id_tipo_monitoramento,
        tm1_0.created_by,
        tm1_0.creation_date,
        tm1_0.descricao,
        tm1_0.flag_ativo,
        tm1_0.last_update_date,
        tm1_0.last_updated_by,
        tr1_0.id_tipo_regime,
        tr1_0.created_by,
        tr1_0.creation_date,
        tr1_0.descricao,
        tr1_0.flag_ativo,
        tr1_0.last_update_date,
        tr1_0.last_updated_by,
        ts1_0.id_tipo_situacao,
        ts1_0.created_by,
        ts1_0.creation_date,
        ts1_0.descricao,
        ts1_0.flag_ativo,
        ts1_0.last_update_date,
        ts1_0.last_updated_by,
        a1_0.ultimo_comparecimento,
        vep1_0.id_vara_exec_penal,
        vep1_0.created_by,
        vep1_0.creation_date,
        vep1_0.descricao,
        vep1_0.last_update_date,
        vep1_0.last_updated_by,
        vep1_0.nome,
        c1_0.id_assistido,
        c1_0.id_comparecimento,
        c1_0.created_by,
        c1_0.creation_date,
        c1_0.data,
        c1_0.flag_comparecimento,
        c1_0.last_update_date,
        c1_0.last_updated_by,
        c1_0.observacoes,
        p1_0.cpf,
        p1_0.created_by,
        p1_0.creation_date,
        p1_0.data_nascimento,
        e1_0.id_endereco,
        e1_0.bairro,
        e1_0.cep,
        e1_0.cidade,
        e1_0.created_by,
        e1_0.creation_date,
        e1_0.estado,
        e1_0.last_update_date,
        e1_0.last_updated_by,
        e1_0.numero,
        e1_0.rua,
        p1_0.last_update_date,
        p1_0.last_updated_by,
        p1_0.nome,
        p1_0.segundo_nome,
        p1_0.telefone,
        u1_0.id_usuario,
        u1_0.tipo_acesso,
        u1_0.created_by,
        u1_0.creation_date,
        u1_0.email,
        u1_0.last_update_date,
        u1_0.last_updated_by,
        u1_0.nome_user,
        u1_0.senha 
    from
        pessoa p1_0 
    left join
        assistido a1_0 
            on p1_0.id_pessoa=a1_0.id_pessoa 
    left join
        tipo_monitoramento tm1_0 
            on tm1_0.id_tipo_monitoramento=a1_0.id_tipo_monitoramento 
    left join
        tipo_regime tr1_0 
            on tr1_0.id_tipo_regime=a1_0.id_tipo_regime 
    left join
        tipo_situacao ts1_0 
            on ts1_0.id_tipo_situacao=a1_0.id_tipo_situacao 
    left join
        vara_exec_penal vep1_0 
            on vep1_0.id_vara_exec_penal=a1_0.id_vara_exec_penal 
    left join
        comparecimento c1_0 
            on a1_0.id_assistido=c1_0.id_assistido 
    left join
        endereco e1_0 
            on e1_0.id_endereco=p1_0.id_endereco 
    left join
        usuario u1_0 
            on u1_0.id_usuario=p1_0.id_usuario 
    where
        p1_0.id_pessoa=?
Hibernate: 
    select
        p1_0.id_pessoa,
        a1_0.id_assistido,
        a1_0.created_by,
        a1_0.creation_date,
        a1_0.last_update_date,
        a1_0.last_updated_by,
        a1_0.num_auto,
        a1_0.num_processo,
        a1_0.observacao,
        a1_0.status_comparecimento,
        tm1_0.id_tipo_monitoramento,
        tm1_0.created_by,
        tm1_0.creation_date,
        tm1_0.descricao,
        tm1_0.flag_ativo,
        tm1_0.last_update_date,
        tm1_0.last_updated_by,
        tr1_0.id_tipo_regime,
        tr1_0.created_by,
        tr1_0.creation_date,
        tr1_0.descricao,
        tr1_0.flag_ativo,
        tr1_0.last_update_date,
        tr1_0.last_updated_by,
        ts1_0.id_tipo_situacao,
        ts1_0.created_by,
        ts1_0.creation_date,
        ts1_0.descricao,
        ts1_0.flag_ativo,
        ts1_0.last_update_date,
        ts1_0.last_updated_by,
        a1_0.ultimo_comparecimento,
        vep1_0.id_vara_exec_penal,
        vep1_0.created_by,
        vep1_0.creation_date,
        vep1_0.descricao,
        vep1_0.last_update_date,
        vep1_0.last_updated_by,
        vep1_0.nome,
        c1_0.id_assistido,
        c1_0.id_comparecimento,
        c1_0.created_by,
        c1_0.creation_date,
        c1_0.data,
        c1_0.flag_comparecimento,
        c1_0.last_update_date,
        c1_0.last_updated_by,
        c1_0.observacoes,
        p1_0.cpf,
        p1_0.created_by,
        p1_0.creation_date,
        p1_0.data_nascimento,
        e1_0.id_endereco,
        e1_0.bairro,
        e1_0.cep,
        e1_0.cidade,
        e1_0.created_by,
        e1_0.creation_date,
        e1_0.estado,
        e1_0.last_update_date,
        e1_0.last_updated_by,
        e1_0.numero,
        e1_0.rua,
        p1_0.last_update_date,
        p1_0.last_updated_by,
        p1_0.nome,
        p1_0.segundo_nome,
        p1_0.telefone,
        u1_0.id_usuario,
        u1_0.tipo_acesso,
        u1_0.created_by,
        u1_0.creation_date,
        u1_0.email,
        u1_0.last_update_date,
        u1_0.last_updated_by,
        u1_0.nome_user,
        u1_0.senha 
    from
        pessoa p1_0 
    left join
        assistido a1_0 
            on p1_0.id_pessoa=a1_0.id_pessoa 
    left join
        tipo_monitoramento tm1_0 
            on tm1_0.id_tipo_monitoramento=a1_0.id_tipo_monitoramento 
    left join
        tipo_regime tr1_0 
            on tr1_0.id_tipo_regime=a1_0.id_tipo_regime 
    left join
        tipo_situacao ts1_0 
            on ts1_0.id_tipo_situacao=a1_0.id_tipo_situacao 
    left join
        vara_exec_penal vep1_0 
            on vep1_0.id_vara_exec_penal=a1_0.id_vara_exec_penal 
    left join
        comparecimento c1_0 
            on a1_0.id_assistido=c1_0.id_assistido 
    left join
        endereco e1_0 
            on e1_0.id_endereco=p1_0.id_endereco 
    left join
        usuario u1_0 
            on u1_0.id_usuario=p1_0.id_usuario 
    where
        p1_0.id_pessoa=?
2025-09-24T15:48:54.543-03:00 DEBUG 1905 --- [away] [nio-8080-exec-2] org.hibernate.SQL                        : 
    select
        p1_0.id_pessoa,
        a1_0.id_assistido,
        a1_0.created_by,
        a1_0.creation_date,
        a1_0.last_update_date,
        a1_0.last_updated_by,
        a1_0.num_auto,
        a1_0.num_processo,
        a1_0.observacao,
        a1_0.status_comparecimento,
        tm1_0.id_tipo_monitoramento,
        tm1_0.created_by,
        tm1_0.creation_date,
        tm1_0.descricao,
        tm1_0.flag_ativo,
        tm1_0.last_update_date,
        tm1_0.last_updated_by,
        tr1_0.id_tipo_regime,
        tr1_0.created_by,
        tr1_0.creation_date,
        tr1_0.descricao,
        tr1_0.flag_ativo,
        tr1_0.last_update_date,
        tr1_0.last_updated_by,
        ts1_0.id_tipo_situacao,
        ts1_0.created_by,
        ts1_0.creation_date,
        ts1_0.descricao,
        ts1_0.flag_ativo,
        ts1_0.last_update_date,
        ts1_0.last_updated_by,
        a1_0.ultimo_comparecimento,
        vep1_0.id_vara_exec_penal,
        vep1_0.created_by,
        vep1_0.creation_date,
        vep1_0.descricao,
        vep1_0.last_update_date,
        vep1_0.last_updated_by,
        vep1_0.nome,
        c1_0.id_assistido,
        c1_0.id_comparecimento,
        c1_0.created_by,
        c1_0.creation_date,
        c1_0.data,
        c1_0.flag_comparecimento,
        c1_0.last_update_date,
        c1_0.last_updated_by,
        c1_0.observacoes,
        p1_0.cpf,
        p1_0.created_by,
        p1_0.creation_date,
        p1_0.data_nascimento,
        e1_0.id_endereco,
        e1_0.bairro,
        e1_0.cep,
        e1_0.cidade,
        e1_0.created_by,
        e1_0.creation_date,
        e1_0.estado,
        e1_0.last_update_date,
        e1_0.last_updated_by,
        e1_0.numero,
        e1_0.rua,
        p1_0.last_update_date,
        p1_0.last_updated_by,
        p1_0.nome,
        p1_0.segundo_nome,
        p1_0.telefone,
        u1_0.id_usuario,
        u1_0.tipo_acesso,
        u1_0.created_by,
        u1_0.creation_date,
        u1_0.email,
        u1_0.last_update_date,
        u1_0.last_updated_by,
        u1_0.nome_user,
        u1_0.senha 
    from
        pessoa p1_0 
    left join
        assistido a1_0 
            on p1_0.id_pessoa=a1_0.id_pessoa 
    left join
        tipo_monitoramento tm1_0 
            on tm1_0.id_tipo_monitoramento=a1_0.id_tipo_monitoramento 
    left join
        tipo_regime tr1_0 
            on tr1_0.id_tipo_regime=a1_0.id_tipo_regime 
    left join
        tipo_situacao ts1_0 
            on ts1_0.id_tipo_situacao=a1_0.id_tipo_situacao 
    left join
        vara_exec_penal vep1_0 
            on vep1_0.id_vara_exec_penal=a1_0.id_vara_exec_penal 
    left join
        comparecimento c1_0 
            on a1_0.id_assistido=c1_0.id_assistido 
    left join
        endereco e1_0 
            on e1_0.id_endereco=p1_0.id_endereco 
    left join
        usuario u1_0 
            on u1_0.id_usuario=p1_0.id_usuario 
    where
        p1_0.id_pessoa=?
Hibernate: 
    select
        p1_0.id_pessoa,
        a1_0.id_assistido,
        a1_0.created_by,
        a1_0.creation_date,
        a1_0.last_update_date,
        a1_0.last_updated_by,
        a1_0.num_auto,
        a1_0.num_processo,
        a1_0.observacao,
        a1_0.status_comparecimento,
        tm1_0.id_tipo_monitoramento,
        tm1_0.created_by,
        tm1_0.creation_date,
        tm1_0.descricao,
        tm1_0.flag_ativo,
        tm1_0.last_update_date,
        tm1_0.last_updated_by,
        tr1_0.id_tipo_regime,
        tr1_0.created_by,
        tr1_0.creation_date,
        tr1_0.descricao,
        tr1_0.flag_ativo,
        tr1_0.last_update_date,
        tr1_0.last_updated_by,
        ts1_0.id_tipo_situacao,
        ts1_0.created_by,
        ts1_0.creation_date,
        ts1_0.descricao,
        ts1_0.flag_ativo,
        ts1_0.last_update_date,
        ts1_0.last_updated_by,
        a1_0.ultimo_comparecimento,
        vep1_0.id_vara_exec_penal,
        vep1_0.created_by,
        vep1_0.creation_date,
        vep1_0.descricao,
        vep1_0.last_update_date,
        vep1_0.last_updated_by,
        vep1_0.nome,
        c1_0.id_assistido,
        c1_0.id_comparecimento,
        c1_0.created_by,
        c1_0.creation_date,
        c1_0.data,
        c1_0.flag_comparecimento,
        c1_0.last_update_date,
        c1_0.last_updated_by,
        c1_0.observacoes,
        p1_0.cpf,
        p1_0.created_by,
        p1_0.creation_date,
        p1_0.data_nascimento,
        e1_0.id_endereco,
        e1_0.bairro,
        e1_0.cep,
        e1_0.cidade,
        e1_0.created_by,
        e1_0.creation_date,
        e1_0.estado,
        e1_0.last_update_date,
        e1_0.last_updated_by,
        e1_0.numero,
        e1_0.rua,
        p1_0.last_update_date,
        p1_0.last_updated_by,
        p1_0.nome,
        p1_0.segundo_nome,
        p1_0.telefone,
        u1_0.id_usuario,
        u1_0.tipo_acesso,
        u1_0.created_by,
        u1_0.creation_date,
        u1_0.email,
        u1_0.last_update_date,
        u1_0.last_updated_by,
        u1_0.nome_user,
        u1_0.senha 
    from
        pessoa p1_0 
    left join
        assistido a1_0 
            on p1_0.id_pessoa=a1_0.id_pessoa 
    left join
        tipo_monitoramento tm1_0 
            on tm1_0.id_tipo_monitoramento=a1_0.id_tipo_monitoramento 
    left join
        tipo_regime tr1_0 
            on tr1_0.id_tipo_regime=a1_0.id_tipo_regime 
    left join
        tipo_situacao ts1_0 
            on ts1_0.id_tipo_situacao=a1_0.id_tipo_situacao 
    left join
        vara_exec_penal vep1_0 
            on vep1_0.id_vara_exec_penal=a1_0.id_vara_exec_penal 
    left join
        comparecimento c1_0 
            on a1_0.id_assistido=c1_0.id_assistido 
    left join
        endereco e1_0 
            on e1_0.id_endereco=p1_0.id_endereco 
    left join
        usuario u1_0 
            on u1_0.id_usuario=p1_0.id_usuario 
    where
        p1_0.id_pessoa=?
2025-09-24T15:48:54.548-03:00 DEBUG 1905 --- [away] [nio-8080-exec-2] org.hibernate.SQL                        : 
    select
        p1_0.id_pessoa,
        a1_0.id_assistido,
        a1_0.created_by,
        a1_0.creation_date,
        a1_0.last_update_date,
        a1_0.last_updated_by,
        a1_0.num_auto,
        a1_0.num_processo,
        a1_0.observacao,
        a1_0.status_comparecimento,
        tm1_0.id_tipo_monitoramento,
        tm1_0.created_by,
        tm1_0.creation_date,
        tm1_0.descricao,
        tm1_0.flag_ativo,
        tm1_0.last_update_date,
        tm1_0.last_updated_by,
        tr1_0.id_tipo_regime,
        tr1_0.created_by,
        tr1_0.creation_date,
        tr1_0.descricao,
        tr1_0.flag_ativo,
        tr1_0.last_update_date,
        tr1_0.last_updated_by,
        ts1_0.id_tipo_situacao,
        ts1_0.created_by,
        ts1_0.creation_date,
        ts1_0.descricao,
        ts1_0.flag_ativo,
        ts1_0.last_update_date,
        ts1_0.last_updated_by,
        a1_0.ultimo_comparecimento,
        vep1_0.id_vara_exec_penal,
        vep1_0.created_by,
        vep1_0.creation_date,
        vep1_0.descricao,
        vep1_0.last_update_date,
        vep1_0.last_updated_by,
        vep1_0.nome,
        c1_0.id_assistido,
        c1_0.id_comparecimento,
        c1_0.created_by,
        c1_0.creation_date,
        c1_0.data,
        c1_0.flag_comparecimento,
        c1_0.last_update_date,
        c1_0.last_updated_by,
        c1_0.observacoes,
        p1_0.cpf,
        p1_0.created_by,
        p1_0.creation_date,
        p1_0.data_nascimento,
        e1_0.id_endereco,
        e1_0.bairro,
        e1_0.cep,
        e1_0.cidade,
        e1_0.created_by,
        e1_0.creation_date,
        e1_0.estado,
        e1_0.last_update_date,
        e1_0.last_updated_by,
        e1_0.numero,
        e1_0.rua,
        p1_0.last_update_date,
        p1_0.last_updated_by,
        p1_0.nome,
        p1_0.segundo_nome,
        p1_0.telefone,
        u1_0.id_usuario,
        u1_0.tipo_acesso,
        u1_0.created_by,
        u1_0.creation_date,
        u1_0.email,
        u1_0.last_update_date,
        u1_0.last_updated_by,
        u1_0.nome_user,
        u1_0.senha 
    from
        pessoa p1_0 
    left join
        assistido a1_0 
            on p1_0.id_pessoa=a1_0.id_pessoa 
    left join
        tipo_monitoramento tm1_0 
            on tm1_0.id_tipo_monitoramento=a1_0.id_tipo_monitoramento 
    left join
        tipo_regime tr1_0 
            on tr1_0.id_tipo_regime=a1_0.id_tipo_regime 
    left join
        tipo_situacao ts1_0 
            on ts1_0.id_tipo_situacao=a1_0.id_tipo_situacao 
    left join
        vara_exec_penal vep1_0 
            on vep1_0.id_vara_exec_penal=a1_0.id_vara_exec_penal 
    left join
        comparecimento c1_0 
            on a1_0.id_assistido=c1_0.id_assistido 
    left join
        endereco e1_0 
            on e1_0.id_endereco=p1_0.id_endereco 
    left join
        usuario u1_0 
            on u1_0.id_usuario=p1_0.id_usuario 
    where
        p1_0.id_pessoa=?
Hibernate: 
    select
        p1_0.id_pessoa,
        a1_0.id_assistido,
        a1_0.created_by,
        a1_0.creation_date,
        a1_0.last_update_date,
        a1_0.last_updated_by,
        a1_0.num_auto,
        a1_0.num_processo,
        a1_0.observacao,
        a1_0.status_comparecimento,
        tm1_0.id_tipo_monitoramento,
        tm1_0.created_by,
        tm1_0.creation_date,
        tm1_0.descricao,
        tm1_0.flag_ativo,
        tm1_0.last_update_date,
        tm1_0.last_updated_by,
        tr1_0.id_tipo_regime,
        tr1_0.created_by,
        tr1_0.creation_date,
        tr1_0.descricao,
        tr1_0.flag_ativo,
        tr1_0.last_update_date,
        tr1_0.last_updated_by,
        ts1_0.id_tipo_situacao,
        ts1_0.created_by,
        ts1_0.creation_date,
        ts1_0.descricao,
        ts1_0.flag_ativo,
        ts1_0.last_update_date,
        ts1_0.last_updated_by,
        a1_0.ultimo_comparecimento,
        vep1_0.id_vara_exec_penal,
        vep1_0.created_by,
        vep1_0.creation_date,
        vep1_0.descricao,
        vep1_0.last_update_date,
        vep1_0.last_updated_by,
        vep1_0.nome,
        c1_0.id_assistido,
        c1_0.id_comparecimento,
        c1_0.created_by,
        c1_0.creation_date,
        c1_0.data,
        c1_0.flag_comparecimento,
        c1_0.last_update_date,
        c1_0.last_updated_by,
        c1_0.observacoes,
        p1_0.cpf,
        p1_0.created_by,
        p1_0.creation_date,
        p1_0.data_nascimento,
        e1_0.id_endereco,
        e1_0.bairro,
        e1_0.cep,
        e1_0.cidade,
        e1_0.created_by,
        e1_0.creation_date,
        e1_0.estado,
        e1_0.last_update_date,
        e1_0.last_updated_by,
        e1_0.numero,
        e1_0.rua,
        p1_0.last_update_date,
        p1_0.last_updated_by,
        p1_0.nome,
        p1_0.segundo_nome,
        p1_0.telefone,
        u1_0.id_usuario,
        u1_0.tipo_acesso,
        u1_0.created_by,
        u1_0.creation_date,
        u1_0.email,
        u1_0.last_update_date,
        u1_0.last_updated_by,
        u1_0.nome_user,
        u1_0.senha 
    from
        pessoa p1_0 
    left join
        assistido a1_0 
            on p1_0.id_pessoa=a1_0.id_pessoa 
    left join
        tipo_monitoramento tm1_0 
            on tm1_0.id_tipo_monitoramento=a1_0.id_tipo_monitoramento 
    left join
        tipo_regime tr1_0 
            on tr1_0.id_tipo_regime=a1_0.id_tipo_regime 
    left join
        tipo_situacao ts1_0 
            on ts1_0.id_tipo_situacao=a1_0.id_tipo_situacao 
    left join
        vara_exec_penal vep1_0 
            on vep1_0.id_vara_exec_penal=a1_0.id_vara_exec_penal 
    left join
        comparecimento c1_0 
            on a1_0.id_assistido=c1_0.id_assistido 
    left join
        endereco e1_0 
            on e1_0.id_endereco=p1_0.id_endereco 
    left join
        usuario u1_0 
            on u1_0.id_usuario=p1_0.id_usuario 
    where
        p1_0.id_pessoa=?
2025-09-24T15:49:13.022-03:00 DEBUG 1905 --- [away] [nio-8080-exec-3] org.hibernate.SQL                        : 
    select
        u1_0.id_usuario,
        u1_0.tipo_acesso,
        u1_0.created_by,
        u1_0.creation_date,
        u1_0.email,
        u1_0.last_update_date,
        u1_0.last_updated_by,
        u1_0.nome_user,
        u1_0.senha 
    from
        usuario u1_0
Hibernate: 
    select
        u1_0.id_usuario,
        u1_0.tipo_acesso,
        u1_0.created_by,
        u1_0.creation_date,
        u1_0.email,
        u1_0.last_update_date,
        u1_0.last_updated_by,
        u1_0.nome_user,
        u1_0.senha 
    from
        usuario u1_0
2025-09-24T15:49:13.039-03:00 DEBUG 1905 --- [away] [nio-8080-exec-3] org.hibernate.SQL                        : 
    select
        p1_0.id_pessoa,
        a1_0.id_assistido,
        a1_0.created_by,
        a1_0.creation_date,
        a1_0.last_update_date,
        a1_0.last_updated_by,
        a1_0.num_auto,
        a1_0.num_processo,
        a1_0.observacao,
        a1_0.status_comparecimento,
        tm1_0.id_tipo_monitoramento,
        tm1_0.created_by,
        tm1_0.creation_date,
        tm1_0.descricao,
        tm1_0.flag_ativo,
        tm1_0.last_update_date,
        tm1_0.last_updated_by,
        tr1_0.id_tipo_regime,
        tr1_0.created_by,
        tr1_0.creation_date,
        tr1_0.descricao,
        tr1_0.flag_ativo,
        tr1_0.last_update_date,
        tr1_0.last_updated_by,
        ts1_0.id_tipo_situacao,
        ts1_0.created_by,
        ts1_0.creation_date,
        ts1_0.descricao,
        ts1_0.flag_ativo,
        ts1_0.last_update_date,
        ts1_0.last_updated_by,
        a1_0.ultimo_comparecimento,
        vep1_0.id_vara_exec_penal,
        vep1_0.created_by,
        vep1_0.creation_date,
        vep1_0.descricao,
        vep1_0.last_update_date,
        vep1_0.last_updated_by,
        vep1_0.nome,
        c1_0.id_assistido,
        c1_0.id_comparecimento,
        c1_0.created_by,
        c1_0.creation_date,
        c1_0.data,
        c1_0.flag_comparecimento,
        c1_0.last_update_date,
        c1_0.last_updated_by,
        c1_0.observacoes,
        p1_0.cpf,
        p1_0.created_by,
        p1_0.creation_date,
        p1_0.data_nascimento,
        e1_0.id_endereco,
        e1_0.bairro,
        e1_0.cep,
        e1_0.cidade,
        e1_0.created_by,
        e1_0.creation_date,
        e1_0.estado,
        e1_0.last_update_date,
        e1_0.last_updated_by,
        e1_0.numero,
        e1_0.rua,
        p1_0.last_update_date,
        p1_0.last_updated_by,
        p1_0.nome,
        p1_0.segundo_nome,
        p1_0.telefone,
        u1_0.id_usuario,
        u1_0.tipo_acesso,
        u1_0.created_by,
        u1_0.creation_date,
        u1_0.email,
        u1_0.last_update_date,
        u1_0.last_updated_by,
        u1_0.nome_user,
        u1_0.senha 
    from
        pessoa p1_0 
    left join
        assistido a1_0 
            on p1_0.id_pessoa=a1_0.id_pessoa 
    left join
        tipo_monitoramento tm1_0 
            on tm1_0.id_tipo_monitoramento=a1_0.id_tipo_monitoramento 
    left join
        tipo_regime tr1_0 
            on tr1_0.id_tipo_regime=a1_0.id_tipo_regime 
    left join
        tipo_situacao ts1_0 
            on ts1_0.id_tipo_situacao=a1_0.id_tipo_situacao 
    left join
        vara_exec_penal vep1_0 
            on vep1_0.id_vara_exec_penal=a1_0.id_vara_exec_penal 
    left join
        comparecimento c1_0 
            on a1_0.id_assistido=c1_0.id_assistido 
    left join
        endereco e1_0 
            on e1_0.id_endereco=p1_0.id_endereco 
    left join
        usuario u1_0 
            on u1_0.id_usuario=p1_0.id_usuario 
    where
        p1_0.id_usuario=?
Hibernate: 
    select
        p1_0.id_pessoa,
        a1_0.id_assistido,
        a1_0.created_by,
        a1_0.creation_date,
        a1_0.last_update_date,
        a1_0.last_updated_by,
        a1_0.num_auto,
        a1_0.num_processo,
        a1_0.observacao,
        a1_0.status_comparecimento,
        tm1_0.id_tipo_monitoramento,
        tm1_0.created_by,
        tm1_0.creation_date,
        tm1_0.descricao,
        tm1_0.flag_ativo,
        tm1_0.last_update_date,
        tm1_0.last_updated_by,
        tr1_0.id_tipo_regime,
        tr1_0.created_by,
        tr1_0.creation_date,
        tr1_0.descricao,
        tr1_0.flag_ativo,
        tr1_0.last_update_date,
        tr1_0.last_updated_by,
        ts1_0.id_tipo_situacao,
        ts1_0.created_by,
        ts1_0.creation_date,
        ts1_0.descricao,
        ts1_0.flag_ativo,
        ts1_0.last_update_date,
        ts1_0.last_updated_by,
        a1_0.ultimo_comparecimento,
        vep1_0.id_vara_exec_penal,
        vep1_0.created_by,
        vep1_0.creation_date,
        vep1_0.descricao,
        vep1_0.last_update_date,
        vep1_0.last_updated_by,
        vep1_0.nome,
        c1_0.id_assistido,
        c1_0.id_comparecimento,
        c1_0.created_by,
        c1_0.creation_date,
        c1_0.data,
        c1_0.flag_comparecimento,
        c1_0.last_update_date,
        c1_0.last_updated_by,
        c1_0.observacoes,
        p1_0.cpf,
        p1_0.created_by,
        p1_0.creation_date,
        p1_0.data_nascimento,
        e1_0.id_endereco,
        e1_0.bairro,
        e1_0.cep,
        e1_0.cidade,
        e1_0.created_by,
        e1_0.creation_date,
        e1_0.estado,
        e1_0.last_update_date,
        e1_0.last_updated_by,
        e1_0.numero,
        e1_0.rua,
        p1_0.last_update_date,
        p1_0.last_updated_by,
        p1_0.nome,
        p1_0.segundo_nome,
        p1_0.telefone,
        u1_0.id_usuario,
        u1_0.tipo_acesso,
        u1_0.created_by,
        u1_0.creation_date,
        u1_0.email,
        u1_0.last_update_date,
        u1_0.last_updated_by,
        u1_0.nome_user,
        u1_0.senha 
    from
        pessoa p1_0 
    left join
        assistido a1_0 
            on p1_0.id_pessoa=a1_0.id_pessoa 
    left join
        tipo_monitoramento tm1_0 
            on tm1_0.id_tipo_monitoramento=a1_0.id_tipo_monitoramento 
    left join
        tipo_regime tr1_0 
            on tr1_0.id_tipo_regime=a1_0.id_tipo_regime 
    left join
        tipo_situacao ts1_0 
            on ts1_0.id_tipo_situacao=a1_0.id_tipo_situacao 
    left join
        vara_exec_penal vep1_0 
            on vep1_0.id_vara_exec_penal=a1_0.id_vara_exec_penal 
    left join
        comparecimento c1_0 
            on a1_0.id_assistido=c1_0.id_assistido 
    left join
        endereco e1_0 
            on e1_0.id_endereco=p1_0.id_endereco 
    left join
        usuario u1_0 
            on u1_0.id_usuario=p1_0.id_usuario 
    where
        p1_0.id_usuario=?
